[debug] [2019-10-14T02:43:08.941Z] ----------------------------------------------------------------------
[debug] [2019-10-14T02:43:08.945Z] Command:       C:\Program Files\nodejs\node.exe C:\Users\trung.nguyen\AppData\Roaming\npm\node_modules\firebase-tools\lib\bin\firebase.js deploy --only functions
[debug] [2019-10-14T02:43:08.945Z] CLI Version:   7.5.0
[debug] [2019-10-14T02:43:08.945Z] Platform:      win32
[debug] [2019-10-14T02:43:08.945Z] Node Version:  v10.16.0
[debug] [2019-10-14T02:43:08.946Z] Time:          Mon Oct 14 2019 09:43:08 GMT+0700 (Indochina Time)
[debug] [2019-10-14T02:43:08.947Z] ----------------------------------------------------------------------
[debug] 
[debug] [2019-10-14T02:43:08.977Z] > command requires scopes: ["email","openid","https://www.googleapis.com/auth/cloudplatformprojects.readonly","https://www.googleapis.com/auth/firebase","https://www.googleapis.com/auth/cloud-platform"]
[debug] [2019-10-14T02:43:08.977Z] > authorizing via signed-in user
[debug] [2019-10-14T02:43:08.977Z] [iam] checking project react-project-29153 for permissions ["cloudfunctions.functions.create","cloudfunctions.functions.delete","cloudfunctions.functions.get","cloudfunctions.functions.list","cloudfunctions.functions.update","cloudfunctions.operations.get","firebase.projects.get"]
[debug] [2019-10-14T02:43:08.979Z] > refreshing access token with scopes: ["email","https://www.googleapis.com/auth/cloud-platform","https://www.googleapis.com/auth/cloudplatformprojects.readonly","https://www.googleapis.com/auth/firebase","openid"]
[debug] [2019-10-14T02:43:08.980Z] >>> HTTP REQUEST POST https://www.googleapis.com/oauth2/v3/token  
 <request body omitted>
[debug] [2019-10-14T02:43:09.267Z] <<< HTTP RESPONSE 200
[debug] [2019-10-14T02:43:09.301Z] >>> HTTP REQUEST POST https://cloudresourcemanager.googleapis.com/v1/projects/react-project-29153:testIamPermissions  

[debug] [2019-10-14T02:43:10.510Z] <<< HTTP RESPONSE 200
[info] 
[info] === Deploying to 'react-project-29153'...
[info] 
[info] i  deploying functions
[info] Running command: npm --prefix "$RESOURCE_DIR" run lint
[info] +  functions: Finished running predeploy script.
[debug] [2019-10-14T02:43:31.125Z] > [functions] package.json contents: {
  "name": "functions",
  "description": "Cloud Functions for Firebase",
  "scripts": {
    "lint": "eslint .",
    "serve": "firebase serve --only functions",
    "shell": "firebase functions:shell",
    "start": "npm run shell",
    "deploy": "firebase deploy --only functions",
    "logs": "firebase functions:log"
  },
  "engines": {
    "node": "8"
  },
  "dependencies": {
    "firebase-admin": "^8.0.0",
    "firebase-functions": "^3.1.0"
  },
  "devDependencies": {
    "eslint": "^5.12.0",
    "eslint-plugin-promise": "^4.0.1",
    "firebase-functions-test": "^0.1.6"
  },
  "private": true
}
[info] i  functions: ensuring necessary APIs are enabled...
[debug] [2019-10-14T02:43:31.128Z] >>> HTTP REQUEST GET https://serviceusage.googleapis.com/v1/projects/react-project-29153/services/cloudfunctions.googleapis.com  
 
[debug] [2019-10-14T02:43:31.129Z] >>> HTTP REQUEST GET https://serviceusage.googleapis.com/v1/projects/react-project-29153/services/runtimeconfig.googleapis.com  
 
[debug] [2019-10-14T02:43:32.637Z] <<< HTTP RESPONSE 200
[debug] [2019-10-14T02:43:32.670Z] <<< HTTP RESPONSE 200
[info] +  functions: all necessary APIs are enabled
[debug] [2019-10-14T02:43:32.673Z] >>> HTTP REQUEST GET https://firebase.googleapis.com/v1beta1/projects/react-project-29153/adminSdkConfig  
 
[debug] [2019-10-14T02:43:33.146Z] <<< HTTP RESPONSE 200
[info] i  functions: preparing functions directory for uploading...
[debug] [2019-10-14T02:43:33.152Z] >>> HTTP REQUEST GET https://runtimeconfig.googleapis.com/v1beta1/projects/react-project-29153/configs  
 
[debug] [2019-10-14T02:43:33.589Z] <<< HTTP RESPONSE 200
[info] i  functions: packaged functions (38.3 KB) for uploading
[debug] [2019-10-14T02:43:34.133Z] >>> HTTP REQUEST POST https://cloudfunctions.googleapis.com/v1/projects/react-project-29153/locations/us-central1/functions:generateUploadUrl  
 
[debug] [2019-10-14T02:43:35.159Z] <<< HTTP RESPONSE 200
[debug] [2019-10-14T02:43:35.160Z] >>> HTTP REQUEST PUT https://storage.googleapis.com/gcf-upload-us-central1-427b61ba-7724-401d-9a5e-dd294f42205b/76d76755-9f06-4f05-b3b6-298ad79f12b6.zip?GoogleAccessId=service-450290476751@gcf-admin-robot.iam.gserviceaccount.com&Expires=1571022814&Signature=gui1PYb%2B19bahsv9LwXcCgjRUcwgFeUoSnYbQVaWcBZ5cuZYMjEvOJZ3UvBdTlFqpFiqDZHmZ8yuE%2BKeURE%2Fo6PDwt4%2FEtMHPx9CA2tB3OUikBsWtw6nkzQxwMifhTJ%2F3g6Kh4YS%2B3wRUr1kQmkqa5i00g16LRfOVS091gilFXWZw6zhfbj7ZMqK8c%2FEy%2BebEjSgpacakUWV8S%2FH4X84UCXf7w9hTLtRMdkFRoDWf69C5Yb3ufCLcEZnQKR69zxumlJ3iCsg2l39m5XE3r4M1EQoWDgiiDU6dDpAve1P%2B2jc0IrlxxSx1MU66vkqKyqReW4u6qmOXjvaeU78ZNFa7g%3D%3D  
 <request body omitted>
[debug] [2019-10-14T02:43:35.807Z] <<< HTTP RESPONSE 200
[info] +  functions: functions folder uploaded successfully
[debug] [2019-10-14T02:43:35.823Z] >>> HTTP REQUEST GET https://cloudfunctions.googleapis.com/v1/projects/react-project-29153/locations/-/functions  
 
[debug] [2019-10-14T02:43:36.297Z] <<< HTTP RESPONSE 200
[info] i  functions: updating Node.js 8 function projectCreated(us-central1)...
[debug] [2019-10-14T02:43:36.303Z] Trigger is:  {"eventTrigger":{"resource":"projects/react-project-29153/databases/(default)/documents/projects/{projectId}","eventType":"providers/cloud.firestore/eventTypes/document.create","service":"firestore.googleapis.com"}}
[info] i  functions: updating Node.js 8 function userJoined(us-central1)...
[debug] [2019-10-14T02:43:36.305Z] Trigger is:  {"eventTrigger":{"resource":"projects/react-project-29153/databases/(default)/documents/users/{userId}","eventType":"providers/cloud.firestore/eventTypes/document.create","service":"firestore.googleapis.com"}}
[debug] [2019-10-14T02:43:36.307Z] >>> HTTP REQUEST GET https://serviceusage.googleapis.com/v1/projects/react-project-29153/services/cloudscheduler.googleapis.com  
 
[debug] [2019-10-14T02:43:37.730Z] <<< HTTP RESPONSE 200
[debug] [2019-10-14T02:43:37.733Z] >>> HTTP REQUEST PATCH https://cloudfunctions.googleapis.com/v1/projects/react-project-29153/locations/us-central1/functions/projectCreated {"updateMask":"sourceUploadUrl,name,labels,runtime,eventTrigger.resource,eventTrigger.eventType,eventTrigger.service"} 

[debug] [2019-10-14T02:43:37.735Z] >>> HTTP REQUEST PATCH https://cloudfunctions.googleapis.com/v1/projects/react-project-29153/locations/us-central1/functions/userJoined {"updateMask":"sourceUploadUrl,name,labels,runtime,eventTrigger.resource,eventTrigger.eventType,eventTrigger.service"} 

[debug] [2019-10-14T02:43:38.528Z] <<< HTTP RESPONSE 400
[debug] [2019-10-14T02:43:38.528Z] <<< HTTP RESPONSE BODY
[warn] !  functions: failed to update function userJoined
[info] HTTP Error: 400, Change of function trigger type or event provider is not allowed
[debug] [2019-10-14T02:43:38.550Z] <<< HTTP RESPONSE 200
[debug] [2019-10-14T02:43:38.553Z] >>> HTTP REQUEST GET https://cloudfunctions.googleapis.com/v1/operations/cmVhY3QtcHJvamVjdC0yOTE1My91cy1jZW50cmFsMS9wcm9qZWN0Q3JlYXRlZC8zbURwdVIydVIwOA  
 
[debug] [2019-10-14T02:43:38.917Z] <<< HTTP RESPONSE 200
[debug] [2019-10-14T02:43:40.920Z] >>> HTTP REQUEST GET https://cloudfunctions.googleapis.com/v1/operations/cmVhY3QtcHJvamVjdC0yOTE1My91cy1jZW50cmFsMS9wcm9qZWN0Q3JlYXRlZC8zbURwdVIydVIwOA  
 
[debug] [2019-10-14T02:43:41.303Z] <<< HTTP RESPONSE 200
[debug] [2019-10-14T02:43:43.305Z] >>> HTTP REQUEST GET https://cloudfunctions.googleapis.com/v1/operations/cmVhY3QtcHJvamVjdC0yOTE1My91cy1jZW50cmFsMS9wcm9qZWN0Q3JlYXRlZC8zbURwdVIydVIwOA  
 
[debug] [2019-10-14T02:43:44.640Z] <<< HTTP RESPONSE 200
[debug] [2019-10-14T02:43:46.641Z] >>> HTTP REQUEST GET https://cloudfunctions.googleapis.com/v1/operations/cmVhY3QtcHJvamVjdC0yOTE1My91cy1jZW50cmFsMS9wcm9qZWN0Q3JlYXRlZC8zbURwdVIydVIwOA  
 
[debug] [2019-10-14T02:43:47.016Z] <<< HTTP RESPONSE 200
[debug] [2019-10-14T02:43:49.018Z] >>> HTTP REQUEST GET https://cloudfunctions.googleapis.com/v1/operations/cmVhY3QtcHJvamVjdC0yOTE1My91cy1jZW50cmFsMS9wcm9qZWN0Q3JlYXRlZC8zbURwdVIydVIwOA  
 
[debug] [2019-10-14T02:43:49.381Z] <<< HTTP RESPONSE 200
[debug] [2019-10-14T02:43:51.382Z] >>> HTTP REQUEST GET https://cloudfunctions.googleapis.com/v1/operations/cmVhY3QtcHJvamVjdC0yOTE1My91cy1jZW50cmFsMS9wcm9qZWN0Q3JlYXRlZC8zbURwdVIydVIwOA  
 
[debug] [2019-10-14T02:43:51.747Z] <<< HTTP RESPONSE 200
[debug] [2019-10-14T02:43:53.748Z] >>> HTTP REQUEST GET https://cloudfunctions.googleapis.com/v1/operations/cmVhY3QtcHJvamVjdC0yOTE1My91cy1jZW50cmFsMS9wcm9qZWN0Q3JlYXRlZC8zbURwdVIydVIwOA  
 
[debug] [2019-10-14T02:43:54.129Z] <<< HTTP RESPONSE 200
